#-----------------------------------------------------------
# xsim v2019.2 (64-bit)
# SW Build 2708876 on Wed Nov  6 21:39:14 MST 2019
# IP Build 2700528 on Thu Nov  7 00:09:20 MST 2019
# Start of session at: Mon Feb 22 16:46:25 2021
# Process ID: 28752
# Current directory: /home/commit/RISC_V/verilog_practice/matbi/01_VerilogHDL/chapter_16
# Command line: xsim -source {xsim.dir/tb_fsm_test/xsim_script.tcl}
# Log file: /home/commit/RISC_V/verilog_practice/matbi/01_VerilogHDL/chapter_16/xsim.log
# Journal file: /home/commit/RISC_V/verilog_practice/matbi/01_VerilogHDL/chapter_16/xsim.jou
#-----------------------------------------------------------
start_gui
source xsim.dir/tb_fsm_test/xsim_script.tcl
# set_param project.enableReportConfiguration 0
# load_feature core
# current_fileset
INFO: [IP_Flow 19-234] Refreshing IP repositories
INFO: [IP_Flow 19-1704] No user IP repositories specified
INFO: [IP_Flow 19-2313] Loaded Vivado IP repository '/home/commit/vivado/Vivado/2019.2/data/ip'.
# xsim {tb_fsm_test} -wdb {simulate_xsim_tb_fsm_test.wdb} -autoloadwcfg
Vivado Simulator 2019.2
Time resolution is 1 ps
run all
initialize value [                   0]
Reset! [                   0]
Start! [                 125]
Finish! [                 235]
$finish called at time : 235 ns : File "/home/commit/RISC_V/verilog_practice/matbi/01_VerilogHDL/chapter_16/tb_fsm_test.v" Line 51
close_sim
INFO: [Simtcl 6-16] Simulation closed
exit
INFO: [Common 17-206] Exiting xsim at Mon Feb 22 16:47:48 2021...
